2019-11-06 16:17:00,180 DEBUG    root            Loaded Command Group: [u'gcloud', u'components']
2019-11-06 16:17:00,184 DEBUG    root            Loaded Command Group: [u'gcloud', u'components', u'update']
2019-11-06 16:17:00,188 DEBUG    root            Running [gcloud.components.update] with arguments: [--allow-no-backup: "True", --quiet: "True", COMPONENT-IDS:5: "[u'core', u'gcloud-deps', u'bq', u'gcloud', u'gsutil']"]
2019-11-06 16:17:01,234 INFO     ___FILE_ONLY___ 

2019-11-06 16:17:01,235 INFO     ___FILE_ONLY___ 
Your current Cloud SDK version is: 270.0.0

2019-11-06 16:17:01,235 INFO     ___FILE_ONLY___ Installing components from version: 270.0.0

2019-11-06 16:17:01,235 INFO     ___FILE_ONLY___ 

2019-11-06 16:17:01,246 INFO     ___FILE_ONLY___ +----------------------------------------------------------------------------+
2019-11-06 16:17:01,246 INFO     ___FILE_ONLY___ 

2019-11-06 16:17:01,246 INFO     ___FILE_ONLY___ |                    These components will be installed.                     |
2019-11-06 16:17:01,246 INFO     ___FILE_ONLY___ 

2019-11-06 16:17:01,246 INFO     ___FILE_ONLY___ +-----------------------------------------------------+------------+---------+
2019-11-06 16:17:01,246 INFO     ___FILE_ONLY___ 

2019-11-06 16:17:01,246 INFO     ___FILE_ONLY___ |                         Name                        |  Version   |   Size  |
2019-11-06 16:17:01,247 INFO     ___FILE_ONLY___ 

2019-11-06 16:17:01,247 INFO     ___FILE_ONLY___ +-----------------------------------------------------+------------+---------+
2019-11-06 16:17:01,247 INFO     ___FILE_ONLY___ 

2019-11-06 16:17:01,247 INFO     ___FILE_ONLY___ | 
2019-11-06 16:17:01,247 INFO     ___FILE_ONLY___ BigQuery Command Line Tool                         
2019-11-06 16:17:01,247 INFO     ___FILE_ONLY___  
2019-11-06 16:17:01,247 INFO     ___FILE_ONLY___ | 
2019-11-06 16:17:01,248 INFO     ___FILE_ONLY___     2.0.49
2019-11-06 16:17:01,248 INFO     ___FILE_ONLY___  
2019-11-06 16:17:01,248 INFO     ___FILE_ONLY___ | 
2019-11-06 16:17:01,248 INFO     ___FILE_ONLY___ < 1 MiB
2019-11-06 16:17:01,248 INFO     ___FILE_ONLY___  
2019-11-06 16:17:01,248 INFO     ___FILE_ONLY___ |
2019-11-06 16:17:01,248 INFO     ___FILE_ONLY___ 

2019-11-06 16:17:01,249 INFO     ___FILE_ONLY___ | 
2019-11-06 16:17:01,249 INFO     ___FILE_ONLY___ BigQuery Command Line Tool (Platform Specific)     
2019-11-06 16:17:01,249 INFO     ___FILE_ONLY___  
2019-11-06 16:17:01,249 INFO     ___FILE_ONLY___ | 
2019-11-06 16:17:01,249 INFO     ___FILE_ONLY___     2.0.49
2019-11-06 16:17:01,249 INFO     ___FILE_ONLY___  
2019-11-06 16:17:01,249 INFO     ___FILE_ONLY___ | 
2019-11-06 16:17:01,250 INFO     ___FILE_ONLY___ < 1 MiB
2019-11-06 16:17:01,250 INFO     ___FILE_ONLY___  
2019-11-06 16:17:01,250 INFO     ___FILE_ONLY___ |
2019-11-06 16:17:01,250 INFO     ___FILE_ONLY___ 

2019-11-06 16:17:01,250 INFO     ___FILE_ONLY___ | 
2019-11-06 16:17:01,250 INFO     ___FILE_ONLY___ Cloud SDK Core Libraries (Platform Specific)       
2019-11-06 16:17:01,250 INFO     ___FILE_ONLY___  
2019-11-06 16:17:01,251 INFO     ___FILE_ONLY___ | 
2019-11-06 16:17:01,251 INFO     ___FILE_ONLY___ 2019.11.04
2019-11-06 16:17:01,251 INFO     ___FILE_ONLY___  
2019-11-06 16:17:01,251 INFO     ___FILE_ONLY___ | 
2019-11-06 16:17:01,251 INFO     ___FILE_ONLY___ < 1 MiB
2019-11-06 16:17:01,252 INFO     ___FILE_ONLY___  
2019-11-06 16:17:01,252 INFO     ___FILE_ONLY___ |
2019-11-06 16:17:01,252 INFO     ___FILE_ONLY___ 

2019-11-06 16:17:01,252 INFO     ___FILE_ONLY___ | 
2019-11-06 16:17:01,252 INFO     ___FILE_ONLY___ Cloud Storage Command Line Tool                    
2019-11-06 16:17:01,252 INFO     ___FILE_ONLY___  
2019-11-06 16:17:01,252 INFO     ___FILE_ONLY___ | 
2019-11-06 16:17:01,253 INFO     ___FILE_ONLY___       4.46
2019-11-06 16:17:01,253 INFO     ___FILE_ONLY___  
2019-11-06 16:17:01,253 INFO     ___FILE_ONLY___ | 
2019-11-06 16:17:01,253 INFO     ___FILE_ONLY___ 3.6 MiB
2019-11-06 16:17:01,253 INFO     ___FILE_ONLY___  
2019-11-06 16:17:01,254 INFO     ___FILE_ONLY___ |
2019-11-06 16:17:01,254 INFO     ___FILE_ONLY___ 

2019-11-06 16:17:01,254 INFO     ___FILE_ONLY___ | 
2019-11-06 16:17:01,254 INFO     ___FILE_ONLY___ Cloud Storage Command Line Tool (Platform Specific)
2019-11-06 16:17:01,254 INFO     ___FILE_ONLY___  
2019-11-06 16:17:01,254 INFO     ___FILE_ONLY___ | 
2019-11-06 16:17:01,254 INFO     ___FILE_ONLY___       4.46
2019-11-06 16:17:01,255 INFO     ___FILE_ONLY___  
2019-11-06 16:17:01,255 INFO     ___FILE_ONLY___ | 
2019-11-06 16:17:01,255 INFO     ___FILE_ONLY___ < 1 MiB
2019-11-06 16:17:01,255 INFO     ___FILE_ONLY___  
2019-11-06 16:17:01,255 INFO     ___FILE_ONLY___ |
2019-11-06 16:17:01,255 INFO     ___FILE_ONLY___ 

2019-11-06 16:17:01,255 INFO     ___FILE_ONLY___ | 
2019-11-06 16:17:01,256 INFO     ___FILE_ONLY___ Default set of gcloud commands                     
2019-11-06 16:17:01,256 INFO     ___FILE_ONLY___  
2019-11-06 16:17:01,256 INFO     ___FILE_ONLY___ | 
2019-11-06 16:17:01,256 INFO     ___FILE_ONLY___           
2019-11-06 16:17:01,256 INFO     ___FILE_ONLY___  
2019-11-06 16:17:01,256 INFO     ___FILE_ONLY___ | 
2019-11-06 16:17:01,256 INFO     ___FILE_ONLY___        
2019-11-06 16:17:01,257 INFO     ___FILE_ONLY___  
2019-11-06 16:17:01,257 INFO     ___FILE_ONLY___ |
2019-11-06 16:17:01,257 INFO     ___FILE_ONLY___ 

2019-11-06 16:17:01,257 INFO     ___FILE_ONLY___ | 
2019-11-06 16:17:01,257 INFO     ___FILE_ONLY___ gcloud cli dependencies                            
2019-11-06 16:17:01,257 INFO     ___FILE_ONLY___  
2019-11-06 16:17:01,258 INFO     ___FILE_ONLY___ | 
2019-11-06 16:17:01,258 INFO     ___FILE_ONLY___ 2018.08.03
2019-11-06 16:17:01,258 INFO     ___FILE_ONLY___  
2019-11-06 16:17:01,258 INFO     ___FILE_ONLY___ | 
2019-11-06 16:17:01,258 INFO     ___FILE_ONLY___ 8.6 MiB
2019-11-06 16:17:01,258 INFO     ___FILE_ONLY___  
2019-11-06 16:17:01,258 INFO     ___FILE_ONLY___ |
2019-11-06 16:17:01,259 INFO     ___FILE_ONLY___ 

2019-11-06 16:17:01,259 INFO     ___FILE_ONLY___ +-----------------------------------------------------+------------+---------+
2019-11-06 16:17:01,259 INFO     ___FILE_ONLY___ 

2019-11-06 16:17:01,259 INFO     ___FILE_ONLY___ 

2019-11-06 16:17:01,286 INFO     ___FILE_ONLY___ For the latest full release notes, please visit:
  https://cloud.google.com/sdk/release_notes


2019-11-06 16:17:01,291 INFO     ___FILE_ONLY___ #============================================================#

2019-11-06 16:17:01,292 INFO     ___FILE_ONLY___ #= Creating update staging area                             =#

2019-11-06 16:17:01,292 INFO     ___FILE_ONLY___ #
2019-11-06 16:17:01,292 INFO     ___FILE_ONLY___ ======
2019-11-06 16:17:01,293 INFO     ___FILE_ONLY___ ======
2019-11-06 16:17:01,293 INFO     ___FILE_ONLY___ ======
2019-11-06 16:17:01,401 INFO     ___FILE_ONLY___ =
2019-11-06 16:17:01,422 INFO     ___FILE_ONLY___ =
2019-11-06 16:17:01,443 INFO     ___FILE_ONLY___ =
2019-11-06 16:17:01,494 INFO     ___FILE_ONLY___ =
2019-11-06 16:17:01,514 INFO     ___FILE_ONLY___ =
2019-11-06 16:17:01,535 INFO     ___FILE_ONLY___ =
2019-11-06 16:17:01,563 INFO     ___FILE_ONLY___ =
2019-11-06 16:17:01,590 INFO     ___FILE_ONLY___ =
2019-11-06 16:17:01,612 INFO     ___FILE_ONLY___ =
2019-11-06 16:17:01,632 INFO     ___FILE_ONLY___ =
2019-11-06 16:17:01,659 INFO     ___FILE_ONLY___ =
2019-11-06 16:17:01,678 INFO     ___FILE_ONLY___ =
2019-11-06 16:17:01,701 INFO     ___FILE_ONLY___ =
2019-11-06 16:17:01,722 INFO     ___FILE_ONLY___ =
2019-11-06 16:17:01,745 INFO     ___FILE_ONLY___ =
2019-11-06 16:17:01,758 INFO     ___FILE_ONLY___ =
2019-11-06 16:17:01,773 INFO     ___FILE_ONLY___ =
2019-11-06 16:17:01,791 INFO     ___FILE_ONLY___ =
2019-11-06 16:17:01,810 INFO     ___FILE_ONLY___ =
2019-11-06 16:17:01,853 INFO     ___FILE_ONLY___ =
2019-11-06 16:17:01,876 INFO     ___FILE_ONLY___ =
2019-11-06 16:17:01,898 INFO     ___FILE_ONLY___ =
2019-11-06 16:17:01,921 INFO     ___FILE_ONLY___ =
2019-11-06 16:17:01,946 INFO     ___FILE_ONLY___ =
2019-11-06 16:17:01,973 INFO     ___FILE_ONLY___ =
2019-11-06 16:17:02,000 INFO     ___FILE_ONLY___ =
2019-11-06 16:17:02,024 INFO     ___FILE_ONLY___ =
2019-11-06 16:17:02,044 INFO     ___FILE_ONLY___ =
2019-11-06 16:17:02,065 INFO     ___FILE_ONLY___ =
2019-11-06 16:17:02,085 INFO     ___FILE_ONLY___ =
2019-11-06 16:17:02,121 INFO     ___FILE_ONLY___ =
2019-11-06 16:17:02,142 INFO     ___FILE_ONLY___ =
2019-11-06 16:17:02,164 INFO     ___FILE_ONLY___ =
2019-11-06 16:17:02,184 INFO     ___FILE_ONLY___ =
2019-11-06 16:17:02,210 INFO     ___FILE_ONLY___ =
2019-11-06 16:17:02,324 INFO     ___FILE_ONLY___ =
2019-11-06 16:17:02,352 INFO     ___FILE_ONLY___ =
2019-11-06 16:17:02,378 INFO     ___FILE_ONLY___ =
2019-11-06 16:17:02,417 INFO     ___FILE_ONLY___ =
2019-11-06 16:17:02,483 INFO     ___FILE_ONLY___ =
2019-11-06 16:17:02,547 INFO     ___FILE_ONLY___ =
2019-11-06 16:17:02,559 INFO     ___FILE_ONLY___ =
2019-11-06 16:17:02,559 INFO     ___FILE_ONLY___ #

2019-11-06 16:17:02,565 INFO     ___FILE_ONLY___ #= Installing: BigQuery Command Line Tool                   =#

2019-11-06 16:17:02,565 INFO     ___FILE_ONLY___ #
2019-11-06 16:17:02,581 INFO     ___FILE_ONLY___ =
2019-11-06 16:17:02,581 INFO     ___FILE_ONLY___ =
2019-11-06 16:17:02,582 INFO     ___FILE_ONLY___ =
2019-11-06 16:17:02,582 INFO     ___FILE_ONLY___ =
2019-11-06 16:17:02,583 INFO     ___FILE_ONLY___ =
2019-11-06 16:17:02,583 INFO     ___FILE_ONLY___ =
2019-11-06 16:17:02,583 INFO     ___FILE_ONLY___ =
2019-11-06 16:17:02,584 INFO     ___FILE_ONLY___ =
2019-11-06 16:17:02,584 INFO     ___FILE_ONLY___ =
2019-11-06 16:17:02,584 INFO     ___FILE_ONLY___ =
2019-11-06 16:17:02,585 INFO     ___FILE_ONLY___ =
2019-11-06 16:17:02,585 INFO     ___FILE_ONLY___ =
2019-11-06 16:17:02,585 INFO     ___FILE_ONLY___ =
2019-11-06 16:17:02,586 INFO     ___FILE_ONLY___ =
2019-11-06 16:17:02,586 INFO     ___FILE_ONLY___ =
2019-11-06 16:17:02,586 INFO     ___FILE_ONLY___ =
2019-11-06 16:17:02,587 INFO     ___FILE_ONLY___ =
2019-11-06 16:17:02,587 INFO     ___FILE_ONLY___ =
2019-11-06 16:17:02,587 INFO     ___FILE_ONLY___ =
2019-11-06 16:17:02,588 INFO     ___FILE_ONLY___ =
2019-11-06 16:17:02,588 INFO     ___FILE_ONLY___ =
2019-11-06 16:17:02,588 INFO     ___FILE_ONLY___ =
2019-11-06 16:17:02,589 INFO     ___FILE_ONLY___ =
2019-11-06 16:17:02,589 INFO     ___FILE_ONLY___ =
2019-11-06 16:17:02,589 INFO     ___FILE_ONLY___ =
2019-11-06 16:17:02,590 INFO     ___FILE_ONLY___ =
2019-11-06 16:17:02,590 INFO     ___FILE_ONLY___ =
2019-11-06 16:17:02,590 INFO     ___FILE_ONLY___ =
2019-11-06 16:17:02,591 INFO     ___FILE_ONLY___ =
2019-11-06 16:17:02,592 INFO     ___FILE_ONLY___ =
2019-11-06 16:17:02,643 INFO     ___FILE_ONLY___ =
2019-11-06 16:17:02,645 INFO     ___FILE_ONLY___ =
2019-11-06 16:17:02,648 INFO     ___FILE_ONLY___ =
2019-11-06 16:17:02,650 INFO     ___FILE_ONLY___ =
2019-11-06 16:17:02,652 INFO     ___FILE_ONLY___ =
2019-11-06 16:17:02,654 INFO     ___FILE_ONLY___ =
2019-11-06 16:17:02,656 INFO     ___FILE_ONLY___ =
2019-11-06 16:17:02,658 INFO     ___FILE_ONLY___ =
2019-11-06 16:17:02,660 INFO     ___FILE_ONLY___ =
2019-11-06 16:17:02,663 INFO     ___FILE_ONLY___ =
2019-11-06 16:17:02,665 INFO     ___FILE_ONLY___ =
2019-11-06 16:17:02,667 INFO     ___FILE_ONLY___ =
2019-11-06 16:17:02,669 INFO     ___FILE_ONLY___ =
2019-11-06 16:17:02,672 INFO     ___FILE_ONLY___ =
2019-11-06 16:17:02,673 INFO     ___FILE_ONLY___ =
2019-11-06 16:17:02,675 INFO     ___FILE_ONLY___ =
2019-11-06 16:17:02,676 INFO     ___FILE_ONLY___ =
2019-11-06 16:17:02,679 INFO     ___FILE_ONLY___ =
2019-11-06 16:17:02,681 INFO     ___FILE_ONLY___ =
2019-11-06 16:17:02,683 INFO     ___FILE_ONLY___ =
2019-11-06 16:17:02,687 INFO     ___FILE_ONLY___ =
2019-11-06 16:17:02,690 INFO     ___FILE_ONLY___ =
2019-11-06 16:17:02,692 INFO     ___FILE_ONLY___ =
2019-11-06 16:17:02,694 INFO     ___FILE_ONLY___ =
2019-11-06 16:17:02,696 INFO     ___FILE_ONLY___ =
2019-11-06 16:17:02,698 INFO     ___FILE_ONLY___ =
2019-11-06 16:17:02,701 INFO     ___FILE_ONLY___ =
2019-11-06 16:17:02,703 INFO     ___FILE_ONLY___ =
2019-11-06 16:17:02,708 INFO     ___FILE_ONLY___ =
2019-11-06 16:17:02,714 INFO     ___FILE_ONLY___ =
2019-11-06 16:17:02,714 INFO     ___FILE_ONLY___ #

2019-11-06 16:17:02,728 INFO     ___FILE_ONLY___ #= Installing: BigQuery Command Line Tool (Platform Spec... =#

2019-11-06 16:17:02,728 INFO     ___FILE_ONLY___ #
2019-11-06 16:17:02,745 INFO     ___FILE_ONLY___ ==============================
2019-11-06 16:17:02,746 INFO     ___FILE_ONLY___ ===============
2019-11-06 16:17:02,747 INFO     ___FILE_ONLY___ ===============
2019-11-06 16:17:02,747 INFO     ___FILE_ONLY___ #

2019-11-06 16:17:02,756 INFO     ___FILE_ONLY___ #= Installing: Cloud SDK Core Libraries (Platform Specific) =#

2019-11-06 16:17:02,756 INFO     ___FILE_ONLY___ #
2019-11-06 16:17:02,776 INFO     ___FILE_ONLY___ ==============================
2019-11-06 16:17:02,777 INFO     ___FILE_ONLY___ ==========
2019-11-06 16:17:02,777 INFO     ___FILE_ONLY___ =========
2019-11-06 16:17:02,778 INFO     ___FILE_ONLY___ ===========
2019-11-06 16:17:02,778 INFO     ___FILE_ONLY___ #

2019-11-06 16:17:02,787 INFO     ___FILE_ONLY___ #= Installing: Cloud Storage Command Line Tool              =#

2019-11-06 16:17:02,788 INFO     ___FILE_ONLY___ #
2019-11-06 16:17:02,806 INFO     ___FILE_ONLY___ =
2019-11-06 16:17:02,808 INFO     ___FILE_ONLY___ =
2019-11-06 16:17:02,809 INFO     ___FILE_ONLY___ =
2019-11-06 16:17:02,810 INFO     ___FILE_ONLY___ =
2019-11-06 16:17:02,812 INFO     ___FILE_ONLY___ =
2019-11-06 16:17:02,813 INFO     ___FILE_ONLY___ =
2019-11-06 16:17:02,814 INFO     ___FILE_ONLY___ =
2019-11-06 16:17:02,816 INFO     ___FILE_ONLY___ =
2019-11-06 16:17:02,817 INFO     ___FILE_ONLY___ =
2019-11-06 16:17:02,818 INFO     ___FILE_ONLY___ =
2019-11-06 16:17:02,819 INFO     ___FILE_ONLY___ =
2019-11-06 16:17:02,821 INFO     ___FILE_ONLY___ =
2019-11-06 16:17:02,822 INFO     ___FILE_ONLY___ =
2019-11-06 16:17:02,823 INFO     ___FILE_ONLY___ =
2019-11-06 16:17:02,825 INFO     ___FILE_ONLY___ =
2019-11-06 16:17:02,826 INFO     ___FILE_ONLY___ =
2019-11-06 16:17:02,827 INFO     ___FILE_ONLY___ =
2019-11-06 16:17:02,828 INFO     ___FILE_ONLY___ =
2019-11-06 16:17:02,829 INFO     ___FILE_ONLY___ =
2019-11-06 16:17:02,829 INFO     ___FILE_ONLY___ =
2019-11-06 16:17:02,830 INFO     ___FILE_ONLY___ =
2019-11-06 16:17:02,831 INFO     ___FILE_ONLY___ =
2019-11-06 16:17:02,831 INFO     ___FILE_ONLY___ =
2019-11-06 16:17:02,832 INFO     ___FILE_ONLY___ =
2019-11-06 16:17:02,832 INFO     ___FILE_ONLY___ =
2019-11-06 16:17:02,833 INFO     ___FILE_ONLY___ =
2019-11-06 16:17:02,833 INFO     ___FILE_ONLY___ =
2019-11-06 16:17:02,834 INFO     ___FILE_ONLY___ =
2019-11-06 16:17:02,835 INFO     ___FILE_ONLY___ =
2019-11-06 16:17:02,836 INFO     ___FILE_ONLY___ =
2019-11-06 16:17:03,183 INFO     ___FILE_ONLY___ =
2019-11-06 16:17:03,201 INFO     ___FILE_ONLY___ =
2019-11-06 16:17:03,214 INFO     ___FILE_ONLY___ =
2019-11-06 16:17:03,228 INFO     ___FILE_ONLY___ =
2019-11-06 16:17:03,241 INFO     ___FILE_ONLY___ =
2019-11-06 16:17:03,255 INFO     ___FILE_ONLY___ =
2019-11-06 16:17:03,269 INFO     ___FILE_ONLY___ =
2019-11-06 16:17:03,280 INFO     ___FILE_ONLY___ =
2019-11-06 16:17:03,294 INFO     ___FILE_ONLY___ =
2019-11-06 16:17:03,311 INFO     ___FILE_ONLY___ =
2019-11-06 16:17:03,332 INFO     ___FILE_ONLY___ =
2019-11-06 16:17:03,346 INFO     ___FILE_ONLY___ =
2019-11-06 16:17:03,361 INFO     ___FILE_ONLY___ =
2019-11-06 16:17:03,375 INFO     ___FILE_ONLY___ =
2019-11-06 16:17:03,388 INFO     ___FILE_ONLY___ =
2019-11-06 16:17:03,408 INFO     ___FILE_ONLY___ =
2019-11-06 16:17:03,428 INFO     ___FILE_ONLY___ =
2019-11-06 16:17:03,445 INFO     ___FILE_ONLY___ =
2019-11-06 16:17:03,460 INFO     ___FILE_ONLY___ =
2019-11-06 16:17:03,478 INFO     ___FILE_ONLY___ =
2019-11-06 16:17:03,493 INFO     ___FILE_ONLY___ =
2019-11-06 16:17:03,506 INFO     ___FILE_ONLY___ =
2019-11-06 16:17:03,519 INFO     ___FILE_ONLY___ =
2019-11-06 16:17:03,531 INFO     ___FILE_ONLY___ =
2019-11-06 16:17:03,545 INFO     ___FILE_ONLY___ =
2019-11-06 16:17:03,559 INFO     ___FILE_ONLY___ =
2019-11-06 16:17:03,572 INFO     ___FILE_ONLY___ =
2019-11-06 16:17:03,593 INFO     ___FILE_ONLY___ =
2019-11-06 16:17:03,615 INFO     ___FILE_ONLY___ =
2019-11-06 16:17:03,636 INFO     ___FILE_ONLY___ =
2019-11-06 16:17:03,637 INFO     ___FILE_ONLY___ #

2019-11-06 16:17:03,698 INFO     ___FILE_ONLY___ #= Installing: Cloud Storage Command Line Tool (Platform... =#

2019-11-06 16:17:03,698 INFO     ___FILE_ONLY___ #
2019-11-06 16:17:03,715 INFO     ___FILE_ONLY___ ==============================
2019-11-06 16:17:03,716 INFO     ___FILE_ONLY___ ===============
2019-11-06 16:17:03,717 INFO     ___FILE_ONLY___ ===============
2019-11-06 16:17:03,717 INFO     ___FILE_ONLY___ #

2019-11-06 16:17:03,726 INFO     ___FILE_ONLY___ #= Installing: Default set of gcloud commands               =#

2019-11-06 16:17:03,727 INFO     ___FILE_ONLY___ #
2019-11-06 16:17:03,731 INFO     ___FILE_ONLY___ ============================================================
2019-11-06 16:17:03,731 INFO     ___FILE_ONLY___ #

2019-11-06 16:17:03,735 INFO     ___FILE_ONLY___ #= Installing: gcloud cli dependencies                      =#

2019-11-06 16:17:03,736 INFO     ___FILE_ONLY___ #
2019-11-06 16:17:03,759 INFO     ___FILE_ONLY___ =
2019-11-06 16:17:03,763 INFO     ___FILE_ONLY___ =
2019-11-06 16:17:03,766 INFO     ___FILE_ONLY___ =
2019-11-06 16:17:03,769 INFO     ___FILE_ONLY___ =
2019-11-06 16:17:03,772 INFO     ___FILE_ONLY___ =
2019-11-06 16:17:03,775 INFO     ___FILE_ONLY___ =
2019-11-06 16:17:03,778 INFO     ___FILE_ONLY___ =
2019-11-06 16:17:03,779 INFO     ___FILE_ONLY___ =
2019-11-06 16:17:03,780 INFO     ___FILE_ONLY___ =
2019-11-06 16:17:03,782 INFO     ___FILE_ONLY___ =
2019-11-06 16:17:03,783 INFO     ___FILE_ONLY___ =
2019-11-06 16:17:03,784 INFO     ___FILE_ONLY___ =
2019-11-06 16:17:03,786 INFO     ___FILE_ONLY___ =
2019-11-06 16:17:03,787 INFO     ___FILE_ONLY___ =
2019-11-06 16:17:03,788 INFO     ___FILE_ONLY___ =
2019-11-06 16:17:03,789 INFO     ___FILE_ONLY___ =
2019-11-06 16:17:03,791 INFO     ___FILE_ONLY___ =
2019-11-06 16:17:03,792 INFO     ___FILE_ONLY___ =
2019-11-06 16:17:03,793 INFO     ___FILE_ONLY___ =
2019-11-06 16:17:03,794 INFO     ___FILE_ONLY___ =
2019-11-06 16:17:03,795 INFO     ___FILE_ONLY___ =
2019-11-06 16:17:03,797 INFO     ___FILE_ONLY___ =
2019-11-06 16:17:03,798 INFO     ___FILE_ONLY___ =
2019-11-06 16:17:03,799 INFO     ___FILE_ONLY___ =
2019-11-06 16:17:03,800 INFO     ___FILE_ONLY___ =
2019-11-06 16:17:03,802 INFO     ___FILE_ONLY___ =
2019-11-06 16:17:03,803 INFO     ___FILE_ONLY___ =
2019-11-06 16:17:03,804 INFO     ___FILE_ONLY___ =
2019-11-06 16:17:03,805 INFO     ___FILE_ONLY___ =
2019-11-06 16:17:03,806 INFO     ___FILE_ONLY___ =
2019-11-06 16:17:04,088 INFO     ___FILE_ONLY___ =
2019-11-06 16:17:04,089 INFO     ___FILE_ONLY___ =
2019-11-06 16:17:04,090 INFO     ___FILE_ONLY___ =
2019-11-06 16:17:04,091 INFO     ___FILE_ONLY___ =
2019-11-06 16:17:04,091 INFO     ___FILE_ONLY___ =
2019-11-06 16:17:04,092 INFO     ___FILE_ONLY___ =
2019-11-06 16:17:04,093 INFO     ___FILE_ONLY___ =
2019-11-06 16:17:04,093 INFO     ___FILE_ONLY___ =
2019-11-06 16:17:04,094 INFO     ___FILE_ONLY___ =
2019-11-06 16:17:04,094 INFO     ___FILE_ONLY___ =
2019-11-06 16:17:04,095 INFO     ___FILE_ONLY___ =
2019-11-06 16:17:04,095 INFO     ___FILE_ONLY___ =
2019-11-06 16:17:04,096 INFO     ___FILE_ONLY___ =
2019-11-06 16:17:04,097 INFO     ___FILE_ONLY___ =
2019-11-06 16:17:04,097 INFO     ___FILE_ONLY___ =
2019-11-06 16:17:04,097 INFO     ___FILE_ONLY___ =
2019-11-06 16:17:04,098 INFO     ___FILE_ONLY___ =
2019-11-06 16:17:04,099 INFO     ___FILE_ONLY___ =
2019-11-06 16:17:04,099 INFO     ___FILE_ONLY___ =
2019-11-06 16:17:04,100 INFO     ___FILE_ONLY___ =
2019-11-06 16:17:04,101 INFO     ___FILE_ONLY___ =
2019-11-06 16:17:04,102 INFO     ___FILE_ONLY___ =
2019-11-06 16:17:04,102 INFO     ___FILE_ONLY___ =
2019-11-06 16:17:04,103 INFO     ___FILE_ONLY___ =
2019-11-06 16:17:04,325 INFO     ___FILE_ONLY___ =
2019-11-06 16:17:04,326 INFO     ___FILE_ONLY___ =
2019-11-06 16:17:04,329 INFO     ___FILE_ONLY___ =
2019-11-06 16:17:04,330 INFO     ___FILE_ONLY___ =
2019-11-06 16:17:04,331 INFO     ___FILE_ONLY___ =
2019-11-06 16:17:04,332 INFO     ___FILE_ONLY___ =
2019-11-06 16:17:04,332 INFO     ___FILE_ONLY___ #

2019-11-06 16:17:04,343 INFO     ___FILE_ONLY___ #= Creating backup and activating new installation          =#

2019-11-06 16:17:04,344 INFO     ___FILE_ONLY___ #
2019-11-06 16:17:04,344 DEBUG    root            Attempting to move directory [/tools/google-cloud-sdk] to [/tools/google-cloud-sdk.staging/.install/.backup]
2019-11-06 16:17:04,344 INFO     ___FILE_ONLY___ ==============================
2019-11-06 16:17:04,344 DEBUG    root            Attempting to move directory [/tools/google-cloud-sdk.staging] to [/tools/google-cloud-sdk]
2019-11-06 16:17:04,345 INFO     ___FILE_ONLY___ ==============================
2019-11-06 16:17:04,345 INFO     ___FILE_ONLY___ #

2019-11-06 16:17:04,350 DEBUG    root            Updating notification cache...
2019-11-06 16:17:04,350 INFO     ___FILE_ONLY___ 

2019-11-06 16:17:04,355 INFO     ___FILE_ONLY___ Performing post processing steps...
2019-11-06 16:17:04,355 DEBUG    root            Executing command: ['/usr/bin/python2', u'-S', u'/tools/google-cloud-sdk/lib/gcloud.py', u'components', u'post-process']
2019-11-06 16:17:14,590 DEBUG    ___FILE_ONLY___ 
2019-11-06 16:17:14,590 DEBUG    ___FILE_ONLY___ 
2019-11-06 16:17:14,623 INFO     ___FILE_ONLY___ 
Update done!


2019-11-06 16:17:14,629 INFO     root            Display format: "none"
